<?xml version="1.0" encoding="UTF-8"?>
<testng-results ignored="0" total="1" passed="1" failed="0" skipped="0">
  <reporter-output>
  </reporter-output>
  <suite started-at="2023-02-13T19:26:35 EST" name="Default suite" finished-at="2023-02-13T19:26:40 EST" duration-ms="5200">
    <groups>
    </groups>
    <test started-at="2023-02-13T19:26:35 EST" name="Default test" finished-at="2023-02-13T19:26:40 EST" duration-ms="5200">
      <class name="test.AddCategoryTest">
        <test-method signature="validUserShouldBeAbleToAddCategory()[pri:0, instance:test.AddCategoryTest@15bbf42f]" started-at="2023-02-13T19:26:35 EST" name="validUserShouldBeAbleToAddCategory" finished-at="2023-02-13T19:26:40 EST" duration-ms="5154" status="PASS">
          <reporter-output>
          </reporter-output>
        </test-method> <!-- validUserShouldBeAbleToAddCategory -->
      </class> <!-- test.AddCategoryTest -->
    </test> <!-- Default test -->
  </suite> <!-- Default suite -->
</testng-results>
